<?xml version="1.0" encoding="UTF-8"?>
<!-- Generated by org.testng.reporters.JUnitReportReporter -->
<testsuite skipped="0" hostname="LAPTOP-TLEVL4LQ" name="com.test.TshirtPage.TC001_TshirtPageTest" tests="1" failures="0" timestamp="08 Jun 2019 17:37:37 GMT" time="33.208" errors="0">
  <testcase name="BuyTshirt" time="33.208" classname="com.test.TshirtPage.TC001_TshirtPageTest"/>
</testsuite> <!-- com.test.TshirtPage.TC001_TshirtPageTest -->
