<?xml version="1.0" encoding="UTF-8"?>
<!-- Generated by org.testng.reporters.JUnitReportReporter -->
<testsuite skipped="0" hostname="LAPTOP-TLEVL4LQ" name="com.test.LoginPage.TC006LoginPageVerifyWomen_Dresses_Tshirt_OptionTest" tests="1" failures="0" timestamp="08 Jun 2019 17:37:37 GMT" time="14.375" errors="0">
  <testcase name="ValidateSerchOption" time="14.375" classname="com.test.LoginPage.TC006LoginPageVerifyWomen_Dresses_Tshirt_OptionTest"/>
</testsuite> <!-- com.test.LoginPage.TC006LoginPageVerifyWomen_Dresses_Tshirt_OptionTest -->
