<?xml version="1.0" encoding="UTF-8"?>
<!-- Generated by org.testng.reporters.JUnitReportReporter -->
<testsuite skipped="0" hostname="LAPTOP-TLEVL4LQ" name="com.test.CreatAccount.TC002_VerifytheInvalidpopupTest" tests="1" failures="0" timestamp="08 Jun 2019 17:37:37 GMT" time="5.344" errors="0">
  <testcase name="Verificationtheinvalidemailpopup" time="5.344" classname="com.test.CreatAccount.TC002_VerifytheInvalidpopupTest"/>
</testsuite> <!-- com.test.CreatAccount.TC002_VerifytheInvalidpopupTest -->
