<?xml version="1.0" encoding="UTF-8"?>
<!-- Generated by org.testng.reporters.JUnitReportReporter -->
<testsuite skipped="0" hostname="LAPTOP-TLEVL4LQ" name="com.test.CreatAccount.TC001_CreatAccountTest" tests="1" failures="0" timestamp="08 Jun 2019 17:37:37 GMT" time="8.433" errors="0">
  <testcase name="CreatAccountVerification" time="8.433" classname="com.test.CreatAccount.TC001_CreatAccountTest"/>
</testsuite> <!-- com.test.CreatAccount.TC001_CreatAccountTest -->
