<?xml version="1.0" encoding="UTF-8"?>
<!-- Generated by org.testng.reporters.JUnitReportReporter -->
<testsuite skipped="0" hostname="LAPTOP-TLEVL4LQ" name="com.test.CreatAccount.TC002_VerifytheInvalidpopup" tests="1" failures="0" timestamp="29 May 2019 03:42:53 GMT" time="3.958" errors="0">
  <testcase name="Verificationtheinvalidemailpopup" time="3.958" classname="com.test.CreatAccount.TC002_VerifytheInvalidpopup"/>
</testsuite> <!-- com.test.CreatAccount.TC002_VerifytheInvalidpopup -->
