<?xml version="1.0" encoding="UTF-8"?>
<!-- Generated by org.testng.reporters.JUnitReportReporter -->
<testsuite skipped="0" hostname="LAPTOP-TLEVL4LQ" name="com.test.LoginPage.TC007LoginPage_Verify_social_LinkTest" tests="1" failures="0" timestamp="08 Jun 2019 17:37:37 GMT" time="8.196" errors="0">
  <testcase name="VelidateSocialLink" time="8.196" classname="com.test.LoginPage.TC007LoginPage_Verify_social_LinkTest"/>
</testsuite> <!-- com.test.LoginPage.TC007LoginPage_Verify_social_LinkTest -->
