<?xml version="1.0" encoding="UTF-8"?>
<!-- Generated by org.testng.reporters.JUnitReportReporter -->
<testsuite skipped="0" hostname="LAPTOP-TLEVL4LQ" name="com.test.LoginPage.TC003_LoginXLTest" tests="2" failures="0" timestamp="08 Jun 2019 17:37:37 GMT" time="8.381" errors="0">
  <testcase name="VerifyLoginTestwithXL" time="4.513" classname="com.test.LoginPage.TC003_LoginXLTest"/>
  <testcase name="VerifyLoginTestwithXL" time="3.868" classname="com.test.LoginPage.TC003_LoginXLTest"/>
</testsuite> <!-- com.test.LoginPage.TC003_LoginXLTest -->
