<?xml version="1.0" encoding="UTF-8"?>
<!-- Generated by org.testng.reporters.JUnitReportReporter -->
<testsuite skipped="0" hostname="LAPTOP-TLEVL4LQ" name="com.test.LoginPage.TC007LoginPage_Verify_social_Link" tests="1" failures="0" timestamp="30 May 2019 13:55:44 GMT" time="8.351" errors="0">
  <testcase name="VelidateSocialLink" time="8.351" classname="com.test.LoginPage.TC007LoginPage_Verify_social_Link"/>
</testsuite> <!-- com.test.LoginPage.TC007LoginPage_Verify_social_Link -->
