<?xml version="1.0" encoding="UTF-8"?>
<!-- Generated by org.testng.reporters.JUnitReportReporter -->
<testsuite skipped="0" hostname="LAPTOP-TLEVL4LQ" name="com.test.WOMANPageFunctionality.TC001_WOMANPageFunctionalityTest" tests="1" failures="0" timestamp="26 May 2019 03:49:08 GMT" time="10.773" errors="0">
  <testcase name="WOMANPageFunctionalityVerification" time="10.773" classname="com.test.WOMANPageFunctionality.TC001_WOMANPageFunctionalityTest"/>
</testsuite> <!-- com.test.WOMANPageFunctionality.TC001_WOMANPageFunctionalityTest -->
