<?xml version="1.0" encoding="UTF-8"?>
<!-- Generated by org.testng.reporters.JUnitReportReporter -->
<testsuite skipped="1" hostname="LAPTOP-TLEVL4LQ" name="com.test.LoginPage.TC006LoginPageVerifyWomen_Dresses_Tshirt_Option" tests="1" failures="0" timestamp="30 May 2019 13:58:04 GMT" time="0.000" errors="0">
  <testcase name="ValidateSerchOption" time="0.000" classname="com.test.LoginPage.TC006LoginPageVerifyWomen_Dresses_Tshirt_Option">
    <skipped/>
  </testcase> <!-- ValidateSerchOption -->
</testsuite> <!-- com.test.LoginPage.TC006LoginPageVerifyWomen_Dresses_Tshirt_Option -->
