<?xml version="1.0" encoding="UTF-8"?>
<!-- Generated by org.testng.reporters.JUnitReportReporter -->
<testsuite skipped="0" hostname="LAPTOP-TLEVL4LQ" name="com.test.LoginPage.TC001_LoginPageTest" tests="1" failures="0" timestamp="08 Jun 2019 15:17:02 GMT" time="4.502" errors="0">
  <testcase name="LoginVerification" time="4.502" classname="com.test.LoginPage.TC001_LoginPageTest"/>
</testsuite> <!-- com.test.LoginPage.TC001_LoginPageTest -->
