<?xml version="1.0" encoding="UTF-8"?>
<!-- Generated by org.testng.reporters.JUnitReportReporter -->
<testsuite skipped="0" hostname="LAPTOP-TLEVL4LQ" name="com.test.LoginPage.TC003_LoginXLTest" tests="2" failures="0" timestamp="08 Jun 2019 15:17:02 GMT" time="7.395" errors="0">
  <testcase name="VerifyLoginTestwithXL" time="3.500" classname="com.test.LoginPage.TC003_LoginXLTest"/>
  <testcase name="VerifyLoginTestwithXL" time="3.895" classname="com.test.LoginPage.TC003_LoginXLTest"/>
</testsuite> <!-- com.test.LoginPage.TC003_LoginXLTest -->
