<?xml version="1.0" encoding="UTF-8"?>
<!-- Generated by org.testng.reporters.JUnitReportReporter -->
<testsuite skipped="0" hostname="LAPTOP-TLEVL4LQ" name="com.test.CreatAccount.TC001_CreatAccountTest" tests="1" failures="0" timestamp="08 Jun 2019 15:17:02 GMT" time="9.496" errors="0">
  <testcase name="CreatAccountVerification" time="9.496" classname="com.test.CreatAccount.TC001_CreatAccountTest"/>
</testsuite> <!-- com.test.CreatAccount.TC001_CreatAccountTest -->
